{
  "stats": {
    "suites": 1,
    "tests": 1,
    "passes": 0,
    "pending": 0,
    "failures": 1,
    "start": "2019-08-27T16:32:09.481Z",
    "end": "2019-08-27T16:33:49.222Z",
    "duration": 99741,
    "testsRegistered": 1,
    "passPercent": 0,
    "pendingPercent": 0,
    "other": 0,
    "hasOther": false,
    "skipped": 0,
    "hasSkipped": false,
    "passPercentClass": "danger",
    "pendingPercentClass": "danger"
  },
  "suites": {
    "uuid": "e12e678b-c0b6-432b-91f9-cad988409506",
    "title": "",
    "fullFile": "",
    "file": "",
    "beforeHooks": [
      {
        "title": "\"before all\" hook: start server",
        "fullTitle": "\"before all\" hook: start server",
        "timedOut": false,
        "duration": 64301,
        "pass": false,
        "fail": false,
        "pending": false,
        "context": "[\n  \"on_server_started\",\n  \"./on_server_started.png\"\n]",
        "code": "return __awaiter(this, void 0, void 0, function* () {\n    nativescript_dev_appium_1.nsCapabilities.testReporter.context = this;\n    yield nativescript_dev_appium_1.startServer();\n});",
        "err": {},
        "isRoot": true,
        "uuid": "9e7b37fe-f363-49af-981e-fdf87dbc64e1",
        "isHook": true,
        "skipped": false
      }
    ],
    "afterHooks": [
      {
        "title": "\"after all\" hook: stop server",
        "fullTitle": "\"after all\" hook: stop server",
        "timedOut": false,
        "duration": 4408,
        "pass": false,
        "fail": false,
        "pending": false,
        "code": "return __awaiter(this, void 0, void 0, function* () {\n    yield nativescript_dev_appium_1.stopServer();\n});",
        "err": {},
        "isRoot": true,
        "uuid": "978d0bcb-8dd1-4b6a-9249-53aa32a10331",
        "isHook": true,
        "skipped": false
      }
    ],
    "tests": [],
    "suites": [
      {
        "uuid": "099a54b5-3643-450c-947b-4ea3ebaf3039",
        "title": "Generate PDF",
        "fullFile": "/Users/austin/Documents/github-examples/ns-pdf-export/e2e/tests.e2e-spec.js",
        "file": "/e2e/tests.e2e-spec.js",
        "beforeHooks": [
          {
            "title": "\"before all\" hook",
            "fullTitle": "Generate PDF \"before all\" hook",
            "timedOut": false,
            "duration": 16573,
            "pass": false,
            "fail": false,
            "pending": false,
            "context": "[\n  \"appium_driver_started\",\n  \"./appium_driver_started.png\"\n]",
            "code": "return __awaiter(this, void 0, void 0, function* () {\n    nativescript_dev_appium_1.nsCapabilities.testReporter.context = this;\n    driver = yield nativescript_dev_appium_1.createDriver();\n});",
            "err": {},
            "isRoot": false,
            "uuid": "df903e80-ff07-4bad-91bf-c336156546b5",
            "isHook": true,
            "skipped": false
          }
        ],
        "afterHooks": [
          {
            "title": "\"after all\" hook",
            "fullTitle": "Generate PDF \"after all\" hook",
            "timedOut": false,
            "duration": 1329,
            "pass": false,
            "fail": false,
            "pending": false,
            "context": "[\n  \"appium_driver_quit\",\n  \"./appium_driver_quit.png\",\n  \"on_server_stopped\",\n  \"./on_server_stopped.png\"\n]",
            "code": "return __awaiter(this, void 0, void 0, function* () {\n    yield driver.quit();\n    console.log(\"Quit driver!\");\n});",
            "err": {},
            "isRoot": false,
            "uuid": "4ff3d9ee-fb44-4d7c-a26c-21d6fc338b43",
            "isHook": true,
            "skipped": false
          },
          {
            "title": "\"after each\" hook",
            "fullTitle": "Generate PDF \"after each\" hook",
            "timedOut": false,
            "duration": 942,
            "pass": false,
            "fail": false,
            "pending": false,
            "code": "return __awaiter(this, void 0, void 0, function* () {\n    if (this.currentTest.state === \"failed\") {\n        yield driver.logTestArtifacts(this.currentTest.title);\n    }\n});",
            "err": {},
            "isRoot": false,
            "uuid": "8e820e38-cf5b-49a3-b938-df9e87ef684e",
            "isHook": true,
            "skipped": false
          }
        ],
        "tests": [
          {
            "title": "Should generate the pdf",
            "fullTitle": "Generate PDF Should generate the pdf",
            "timedOut": false,
            "duration": 12177,
            "state": "failed",
            "pass": false,
            "fail": true,
            "pending": false,
            "context": "[\n  \"Should_generate_the_pdf\",\n  \"./Should_generate_the_pdf.png\"\n]",
            "code": "return __awaiter(this, void 0, void 0, function* () {\n    const btn = yield driver.findElementByText('Generate PDF');\n    yield btn.click();\n    yield driver.wait(5000);\n    const okBtn = yield driver.findElementByText('OK');\n    yield okBtn.click();\n    yield driver.wait(4000);\n});",
            "err": {
              "message": "Error: [waitForElementByXPath(\"//*[@label='OK' or @value='OK' or @hint='OK']\",5000)] Element condition wasn't satisfied!",
              "estack": "Error: [waitForElementByXPath(\"//*[@label='OK' or @value='OK' or @hint='OK']\",5000)] Element condition wasn't satisfied!\n    at /Users/austin/Documents/github-examples/ns-pdf-export/node_modules/wd/lib/commands.js:979:12\n    at /Users/austin/Documents/github-examples/ns-pdf-export/node_modules/wd/lib/commands.js:884:11\n    at /Users/austin/Documents/github-examples/ns-pdf-export/node_modules/wd/lib/commands.js:966:13\n    at /Users/austin/Documents/github-examples/ns-pdf-export/node_modules/wd/node_modules/async/dist/async.js:3888:9\n    at /Users/austin/Documents/github-examples/ns-pdf-export/node_modules/wd/node_modules/async/dist/async.js:473:16\n    at replenish (node_modules/wd/node_modules/async/dist/async.js:1006:25)\n    at /Users/austin/Documents/github-examples/ns-pdf-export/node_modules/wd/node_modules/async/dist/async.js:1016:9\n    at eachOfLimit (node_modules/wd/node_modules/async/dist/async.js:1041:24)\n    at /Users/austin/Documents/github-examples/ns-pdf-export/node_modules/wd/node_modules/async/dist/async.js:1046:16\n    at _parallel (node_modules/wd/node_modules/async/dist/async.js:3879:5)\n    at Object.series (node_modules/wd/node_modules/async/dist/async.js:4735:5)\n    at /Users/austin/Documents/github-examples/ns-pdf-export/node_modules/wd/lib/commands.js:964:15\n    at /Users/austin/Documents/github-examples/ns-pdf-export/node_modules/wd/lib/promise-webdriver.js:52:11\n    at _fulfilled (node_modules/q/q.js:854:54)\n    at self.promiseDispatch.done (node_modules/q/q.js:883:30)\n    at Promise.promise.promiseDispatch (node_modules/q/q.js:816:13)\n    at /Users/austin/Documents/github-examples/ns-pdf-export/node_modules/q/q.js:624:44\n    at runSingle (node_modules/q/q.js:137:13)\n    at flush (node_modules/q/q.js:125:13)\n    at _combinedTickCallback (internal/process/next_tick.js:132:7)\n    at process._tickDomainCallback (internal/process/next_tick.js:219:9)"
            },
            "isRoot": false,
            "uuid": "832e1332-42ba-4ee1-88df-ce9bb8424e8f",
            "isHook": false,
            "skipped": false
          }
        ],
        "suites": [],
        "passes": [],
        "failures": [
          "832e1332-42ba-4ee1-88df-ce9bb8424e8f"
        ],
        "pending": [],
        "skipped": [],
        "duration": 12177,
        "root": false,
        "rootEmpty": false,
        "_timeout": 999999
      }
    ],
    "passes": [],
    "failures": [],
    "pending": [],
    "skipped": [],
    "duration": 0,
    "root": true,
    "rootEmpty": true,
    "_timeout": 999999
  },
  "copyrightYear": 2019
}